{"log":
 [{"message":
   ".> LEAN_PATH=././.lake/build/lib LD_LIBRARY_PATH=././.lake/build/lib:/home/pedr0/.elan/toolchains/leanprover--lean4---stable/lib/lean:/home/pedr0/.elan/toolchains/leanprover--lean4---stable/lib /home/pedr0/.elan/toolchains/leanprover--lean4---stable/bin/lean ././././FMCnLean/Rec/IndGame/Lv1.lean -R ./././. -o ././.lake/build/lib/FMCnLean/Rec/IndGame/Lv1.olean -i ././.lake/build/lib/FMCnLean/Rec/IndGame/Lv1.ilean -c ././.lake/build/ir/FMCnLean/Rec/IndGame/Lv1.c --json",
   "level": "trace"},
  {"message": "././././FMCnLean/Rec/IndGame/Lv1.lean:30:0: S 0",
   "level": "info"},
  {"message": "././././FMCnLean/Rec/IndGame/Lv1.lean:31:0: S (S (S 0))",
   "level": "info"},
  {"message": "././././FMCnLean/Rec/IndGame/Lv1.lean:42:0: 0", "level": "info"},
  {"message": "././././FMCnLean/Rec/IndGame/Lv1.lean:43:0: S (S (S 0))",
   "level": "info"},
  {"message":
   "././././FMCnLean/Rec/IndGame/Lv1.lean:44:0: S (S (S (S (S (S 0)))))",
   "level": "info"},
  {"message": "././././FMCnLean/Rec/IndGame/Lv1.lean:51:0: S (S (S 0))",
   "level": "info"},
  {"message": "././././FMCnLean/Rec/IndGame/Lv1.lean:52:0: S 0",
   "level": "info"},
  {"message":
   "././././FMCnLean/Rec/IndGame/Lv1.lean:53:0: S (S (S (S (S (S (S (S (S (S (S (S (S (S (S (S (S (S (S (S (S (S (S (S (S (S (S (S (S (S (S (S (S (S (S (S (S (S (S (S (S (S (S (S (S (S (S (S (S (S (S (S (S (S (S (S (S (S (S (S (S (S (S (S (S (S (S (S (S (S (S (S (S (S (S (S (S (S (S (S (S 0))))))))))))))))))))))))))))))))))))))))))))))))))))))))))))))))))))))))))))))))",
   "level": "info"},
  {"message": "././././FMCnLean/Rec/IndGame/Lv1.lean:54:0: S 0",
   "level": "info"},
  {"message": "././././FMCnLean/Rec/IndGame/Lv1.lean:62:0: S 0",
   "level": "info"},
  {"message": "././././FMCnLean/Rec/IndGame/Lv1.lean:63:0: S 0",
   "level": "info"},
  {"message": "././././FMCnLean/Rec/IndGame/Lv1.lean:64:0: S (S 0)",
   "level": "info"},
  {"message": "././././FMCnLean/Rec/IndGame/Lv1.lean:65:0: S (S (S 0))",
   "level": "info"},
  {"message": "././././FMCnLean/Rec/IndGame/Lv1.lean:66:0: S (S (S (S (S 0))))",
   "level": "info"},
  {"message":
   "././././FMCnLean/Rec/IndGame/Lv1.lean:67:0: S (S (S (S (S (S (S (S 0)))))))",
   "level": "info"},
  {"message": "././././FMCnLean/Rec/IndGame/Lv1.lean:75:0: S 0",
   "level": "info"},
  {"message": "././././FMCnLean/Rec/IndGame/Lv1.lean:76:0: S 0",
   "level": "info"},
  {"message": "././././FMCnLean/Rec/IndGame/Lv1.lean:77:0: S (S 0)",
   "level": "info"},
  {"message":
   "././././FMCnLean/Rec/IndGame/Lv1.lean:78:0: S (S (S (S (S (S 0)))))",
   "level": "info"},
  {"message":
   "././././FMCnLean/Rec/IndGame/Lv1.lean:79:0: S (S (S (S (S (S (S (S (S (S (S (S (S (S (S (S (S (S (S (S (S (S (S (S 0)))))))))))))))))))))))",
   "level": "info"},
  {"message":
   "././././FMCnLean/Rec/IndGame/Lv1.lean:80:0: S (S (S (S (S (S (S (S (S (S (S (S (S (S (S (S (S (S (S (S (S (S (S (S (S (S (S (S (S (S (S (S (S (S (S (S (S (S (S (S (S (S (S (S (S (S (S (S (S (S (S (S (S (S (S (S (S (S (S (S (S (S (S (S (S (S (S (S (S (S (S (S (S (S (S (S (S (S (S (S (S (S (S (S (S (S (S (S (S (S (S (S (S (S (S (S (S (S (S (S (S (S (S (S (S (S (S (S (S (S (S (S (S (S (S (S (S (S (S (S 0)))))))))))))))))))))))))))))))))))))))))))))))))))))))))))))))))))))))))))))))))))))))))))))))))))))))))))))))))))))))",
   "level": "info"},
  {"message": "././././FMCnLean/Rec/IndGame/Lv1.lean:88:0: 0", "level": "info"},
  {"message": "././././FMCnLean/Rec/IndGame/Lv1.lean:89:0: S 0",
   "level": "info"},
  {"message": "././././FMCnLean/Rec/IndGame/Lv1.lean:97:0: S (S 0)",
   "level": "info"},
  {"message": "././././FMCnLean/Rec/IndGame/Lv1.lean:98:0: S (S 0)",
   "level": "info"}],
 "depHash": "16338848028693966642"}